build/app/intermediates/manifest_merge_blame_file/release/manifest-merger-blame-release-report.txt
1<?xml version="1.0" encoding="utf-8"?>
2<manifest xmlns:android="http://schemas.android.com/apk/res/android"
3    package="com.iq.tahady"
4    android:versionCode="1"
5    android:versionName="1.0.0" >
6
7    <uses-sdk
8        android:minSdkVersion="21"
8-->src\main\AndroidManifest.xml
9        android:targetSdkVersion="33" />
9-->src\main\AndroidManifest.xml
10
11    <uses-permission android:name="android.permission.INTERNET" />
11-->src\main\AndroidManifest.xml:4:5-66
11-->src\main\AndroidManifest.xml:4:22-64
12    <uses-permission android:name="android.permission.CAMERA" />
12-->src\main\AndroidManifest.xml:5:5-64
12-->src\main\AndroidManifest.xml:5:22-62
13    <uses-permission
13-->src\main\AndroidManifest.xml:6:5-80
14        android:name="android.permission.READ_EXTERNAL_STORAGE"
14-->src\main\AndroidManifest.xml:6:22-77
15        android:maxSdkVersion="32" />
15-->[:file_picker] AndroidManifest.xml:11:9-35
16    <uses-permission android:name="android.permission.WRITE_EXTERNAL_STORAGE" />
16-->src\main\AndroidManifest.xml:7:5-81
16-->src\main\AndroidManifest.xml:7:22-78
17    <uses-permission android:name="android.permission.WAKE_LOCK" />
17-->[:firebase_messaging] AndroidManifest.xml:10:5-68
17-->[:firebase_messaging] AndroidManifest.xml:10:22-65
18    <uses-permission android:name="android.permission.ACCESS_NETWORK_STATE" /> <!-- Permissions options for the `notification` group -->
18-->[:firebase_messaging] AndroidManifest.xml:11:5-79
18-->[:firebase_messaging] AndroidManifest.xml:11:22-76
19    <uses-permission android:name="android.permission.POST_NOTIFICATIONS" />
19-->[:firebase_messaging] AndroidManifest.xml:13:5-77
19-->[:firebase_messaging] AndroidManifest.xml:13:22-74
20
21    <queries>
21-->[:file_picker] AndroidManifest.xml:13:5-19:15
22        <intent>
22-->[:file_picker] AndroidManifest.xml:14:9-18:18
23            <action android:name="android.intent.action.GET_CONTENT" />
23-->[:file_picker] AndroidManifest.xml:15:13-72
23-->[:file_picker] AndroidManifest.xml:15:21-69
24
25            <data android:mimeType="*/*" />
25-->src\main\AndroidManifest.xml:50:17-75
26        </intent>
27        <!-- Added to check the default browser that will host the AuthFlow. -->
28        <intent>
28-->[com.stripe:financial-connections:20.28.3] AndroidManifest.xml:13:9-17:18
29            <action android:name="android.intent.action.VIEW" />
29-->src\main\AndroidManifest.xml:47:17-69
29-->src\main\AndroidManifest.xml:47:25-66
30
31            <data android:scheme="http" />
31-->src\main\AndroidManifest.xml:50:17-75
31-->src\main\AndroidManifest.xml:50:23-46
32        </intent> <!-- Added to check if Chrome is installed for browser-based payment authentication (e.g. 3DS1). -->
33        <package android:name="com.android.chrome" /> <!-- Needs to be explicitly declared on Android R+ -->
33-->[com.stripe:payments-core:20.28.3] AndroidManifest.xml:11:9-54
33-->[com.stripe:payments-core:20.28.3] AndroidManifest.xml:11:18-51
34        <package android:name="com.google.android.apps.maps" />
34-->[com.google.android.gms:play-services-maps:18.0.2] AndroidManifest.xml:33:9-64
34-->[com.google.android.gms:play-services-maps:18.0.2] AndroidManifest.xml:33:18-61
35    </queries> <!-- Required by older versions of Google Play services to create IID tokens -->
36    <uses-permission android:name="com.google.android.c2dm.permission.RECEIVE" />
36-->[com.google.firebase:firebase-iid:21.1.0] AndroidManifest.xml:26:5-82
36-->[com.google.firebase:firebase-iid:21.1.0] AndroidManifest.xml:26:22-79
37    <uses-permission android:name="com.google.android.providers.gsf.permission.READ_GSERVICES" />
37-->[com.google.android.recaptcha:recaptcha:18.4.0] AndroidManifest.xml:9:5-98
37-->[com.google.android.recaptcha:recaptcha:18.4.0] AndroidManifest.xml:9:22-95
38
39    <uses-feature
39-->[com.google.android.gms:play-services-maps:18.0.2] AndroidManifest.xml:26:5-28:35
40        android:glEsVersion="0x00020000"
40-->[com.google.android.gms:play-services-maps:18.0.2] AndroidManifest.xml:27:9-41
41        android:required="true" />
41-->[com.google.android.gms:play-services-maps:18.0.2] AndroidManifest.xml:28:9-32
42
43    <permission
43-->[androidx.core:core:1.10.1] AndroidManifest.xml:22:5-24:47
44        android:name="com.iq.tahady.DYNAMIC_RECEIVER_NOT_EXPORTED_PERMISSION"
44-->[androidx.core:core:1.10.1] AndroidManifest.xml:23:9-81
45        android:protectionLevel="signature" />
45-->[androidx.core:core:1.10.1] AndroidManifest.xml:24:9-44
46
47    <uses-permission android:name="com.iq.tahady.DYNAMIC_RECEIVER_NOT_EXPORTED_PERMISSION" />
47-->[androidx.core:core:1.10.1] AndroidManifest.xml:26:5-97
47-->[androidx.core:core:1.10.1] AndroidManifest.xml:26:22-94
48
49    <application
49-->src\main\AndroidManifest.xml:9:5-63:19
50        android:appComponentFactory="androidx.core.app.CoreComponentFactory"
50-->[androidx.core:core:1.10.1] AndroidManifest.xml:28:18-86
51        android:icon="@mipmap/ic_launcher"
51-->src\main\AndroidManifest.xml:12:9-43
52        android:label="Tahady"
52-->src\main\AndroidManifest.xml:10:9-31
53        android:requestLegacyExternalStorage="true" >
53-->src\main\AndroidManifest.xml:13:9-52
54        <activity
54-->src\main\AndroidManifest.xml:15:9-53:20
55            android:name="com.iq.tahady.MainActivity"
55-->src\main\AndroidManifest.xml:16:13-41
56            android:configChanges="orientation|keyboardHidden|keyboard|screenSize|smallestScreenSize|locale|layoutDirection|fontScale|screenLayout|density|uiMode"
56-->src\main\AndroidManifest.xml:20:13-163
57            android:exported="true"
57-->src\main\AndroidManifest.xml:17:13-36
58            android:hardwareAccelerated="true"
58-->src\main\AndroidManifest.xml:21:13-47
59            android:launchMode="singleTop"
59-->src\main\AndroidManifest.xml:18:13-43
60            android:theme="@style/LaunchTheme"
60-->src\main\AndroidManifest.xml:19:13-47
61            android:windowSoftInputMode="adjustResize" >
61-->src\main\AndroidManifest.xml:22:13-55
62
63            <!--
64                 Specifies an Android theme to apply to this Activity as soon as
65                 the Android process has started. This theme is visible to the user
66                 while the Flutter UI initializes. After that, this theme continues
67                 to determine the Window background behind the Flutter UI.
68            -->
69            <meta-data
69-->src\main\AndroidManifest.xml:27:13-30:17
70                android:name="io.flutter.embedding.android.NormalTheme"
70-->src\main\AndroidManifest.xml:28:15-70
71                android:resource="@style/NormalTheme" />
71-->src\main\AndroidManifest.xml:29:15-52
72            <!--
73                 Displays an Android View that continues showing the launch screen
74                 Drawable until Flutter paints its first frame, then this splash
75                 screen fades out. A splash screen is useful to avoid any visual
76                 gap between the end of Android's launch screen and the painting of
77                 Flutter's first frame.
78            -->
79            <meta-data
79-->src\main\AndroidManifest.xml:36:13-39:17
80                android:name="io.flutter.embedding.android.SplashScreenDrawable"
80-->src\main\AndroidManifest.xml:37:15-79
81                android:resource="@drawable/launch_background" />
81-->src\main\AndroidManifest.xml:38:15-61
82
83            <intent-filter>
83-->src\main\AndroidManifest.xml:40:13-43:29
84                <action android:name="android.intent.action.MAIN" />
84-->src\main\AndroidManifest.xml:41:17-68
84-->src\main\AndroidManifest.xml:41:25-66
85
86                <category android:name="android.intent.category.LAUNCHER" />
86-->src\main\AndroidManifest.xml:42:17-76
86-->src\main\AndroidManifest.xml:42:27-74
87            </intent-filter>
88            <!-- Deep linking -->
89            <meta-data
89-->src\main\AndroidManifest.xml:45:13-90
90                android:name="flutter_deeplinking_enabled"
90-->src\main\AndroidManifest.xml:45:24-66
91                android:value="true" />
91-->src\main\AndroidManifest.xml:45:67-87
92
93            <intent-filter android:autoVerify="true" >
93-->src\main\AndroidManifest.xml:46:13-51:29
93-->src\main\AndroidManifest.xml:46:28-53
94                <action android:name="android.intent.action.VIEW" />
94-->src\main\AndroidManifest.xml:47:17-69
94-->src\main\AndroidManifest.xml:47:25-66
95
96                <category android:name="android.intent.category.DEFAULT" />
96-->src\main\AndroidManifest.xml:48:17-76
96-->src\main\AndroidManifest.xml:48:27-73
97                <category android:name="android.intent.category.BROWSABLE" />
97-->src\main\AndroidManifest.xml:49:17-78
97-->src\main\AndroidManifest.xml:49:27-75
98
99                <data
99-->src\main\AndroidManifest.xml:50:17-75
100                    android:host="tahady.com"
100-->src\main\AndroidManifest.xml:50:47-72
101                    android:scheme="tahady" />
101-->src\main\AndroidManifest.xml:50:23-46
102            </intent-filter>
103        </activity>
104
105        <!--
106             Don't delete the meta-data below.
107             This is used by the Flutter tool to generate GeneratedPluginRegistrant.java
108        -->
109        <meta-data
109-->src\main\AndroidManifest.xml:57:9-59:33
110            android:name="flutterEmbedding"
110-->src\main\AndroidManifest.xml:58:13-44
111            android:value="2" />
111-->src\main\AndroidManifest.xml:59:13-30
112        <meta-data
112-->src\main\AndroidManifest.xml:62:9-99
113            android:name="com.google.android.gms.wallet.api.enabled"
113-->src\main\AndroidManifest.xml:62:20-76
114            android:value="true" />
114-->src\main\AndroidManifest.xml:62:77-97
115
116        <service
116-->[:firebase_performance] AndroidManifest.xml:12:9-16:19
117            android:name="com.google.firebase.components.ComponentDiscoveryService"
117-->[:firebase_performance] AndroidManifest.xml:12:18-89
118            android:directBootAware="true"
118-->[com.google.firebase:firebase-common:20.4.2] AndroidManifest.xml:32:13-43
119            android:exported="false" >
119-->[com.google.firebase:firebase-perf:20.5.1] AndroidManifest.xml:13:13-37
120            <meta-data
120-->[:firebase_performance] AndroidManifest.xml:13:13-15:85
121                android:name="com.google.firebase.components:io.flutter.plugins.firebase.performance.FlutterFirebaseAppRegistrar"
121-->[:firebase_performance] AndroidManifest.xml:14:17-130
122                android:value="com.google.firebase.components.ComponentRegistrar" />
122-->[:firebase_performance] AndroidManifest.xml:15:17-82
123            <meta-data
123-->[:cloud_firestore] AndroidManifest.xml:11:13-13:85
124                android:name="com.google.firebase.components:io.flutter.plugins.firebase.firestore.FlutterFirebaseFirestoreRegistrar"
124-->[:cloud_firestore] AndroidManifest.xml:12:17-134
125                android:value="com.google.firebase.components.ComponentRegistrar" />
125-->[:cloud_firestore] AndroidManifest.xml:13:17-82
126            <meta-data
126-->[:cloud_functions] AndroidManifest.xml:11:13-13:85
127                android:name="com.google.firebase.components:io.flutter.plugins.firebase.functions.FlutterFirebaseAppRegistrar"
127-->[:cloud_functions] AndroidManifest.xml:12:17-128
128                android:value="com.google.firebase.components.ComponentRegistrar" />
128-->[:cloud_functions] AndroidManifest.xml:13:17-82
129            <meta-data
129-->[:firebase_auth] AndroidManifest.xml:11:13-13:85
130                android:name="com.google.firebase.components:io.flutter.plugins.firebase.auth.FlutterFirebaseAuthRegistrar"
130-->[:firebase_auth] AndroidManifest.xml:12:17-124
131                android:value="com.google.firebase.components.ComponentRegistrar" />
131-->[:firebase_auth] AndroidManifest.xml:13:17-82
132            <meta-data
132-->[:firebase_storage] AndroidManifest.xml:11:13-13:85
133                android:name="com.google.firebase.components:io.flutter.plugins.firebase.storage.FlutterFirebaseAppRegistrar"
133-->[:firebase_storage] AndroidManifest.xml:12:17-126
134                android:value="com.google.firebase.components.ComponentRegistrar" />
134-->[:firebase_storage] AndroidManifest.xml:13:17-82
135            <meta-data
135-->[:firebase_messaging] AndroidManifest.xml:38:13-40:85
136                android:name="com.google.firebase.components:io.flutter.plugins.firebase.messaging.FlutterFirebaseAppRegistrar"
136-->[:firebase_messaging] AndroidManifest.xml:39:17-128
137                android:value="com.google.firebase.components.ComponentRegistrar" />
137-->[:firebase_messaging] AndroidManifest.xml:40:17-82
138            <meta-data
138-->[:firebase_core] AndroidManifest.xml:11:13-13:85
139                android:name="com.google.firebase.components:io.flutter.plugins.firebase.core.FlutterFirebaseCoreRegistrar"
139-->[:firebase_core] AndroidManifest.xml:12:17-124
140                android:value="com.google.firebase.components.ComponentRegistrar" />
140-->[:firebase_core] AndroidManifest.xml:13:17-82
141            <meta-data
141-->[com.google.firebase:firebase-perf:20.5.1] AndroidManifest.xml:14:13-16:85
142                android:name="com.google.firebase.components:com.google.firebase.perf.FirebasePerfKtxRegistrar"
142-->[com.google.firebase:firebase-perf:20.5.1] AndroidManifest.xml:15:17-112
143                android:value="com.google.firebase.components.ComponentRegistrar" />
143-->[com.google.firebase:firebase-perf:20.5.1] AndroidManifest.xml:16:17-82
144            <meta-data
144-->[com.google.firebase:firebase-perf:20.5.1] AndroidManifest.xml:17:13-19:85
145                android:name="com.google.firebase.components:com.google.firebase.perf.FirebasePerfRegistrar"
145-->[com.google.firebase:firebase-perf:20.5.1] AndroidManifest.xml:18:17-109
146                android:value="com.google.firebase.components.ComponentRegistrar" />
146-->[com.google.firebase:firebase-perf:20.5.1] AndroidManifest.xml:19:17-82
147            <meta-data
147-->[com.google.firebase:firebase-functions:20.4.0] AndroidManifest.xml:15:13-17:85
148                android:name="com.google.firebase.components:com.google.firebase.functions.FirebaseFunctionsKtxRegistrar"
148-->[com.google.firebase:firebase-functions:20.4.0] AndroidManifest.xml:16:17-122
149                android:value="com.google.firebase.components.ComponentRegistrar" />
149-->[com.google.firebase:firebase-functions:20.4.0] AndroidManifest.xml:17:17-82
150            <meta-data
150-->[com.google.firebase:firebase-functions:20.4.0] AndroidManifest.xml:18:13-20:85
151                android:name="com.google.firebase.components:com.google.firebase.functions.FunctionsRegistrar"
151-->[com.google.firebase:firebase-functions:20.4.0] AndroidManifest.xml:19:17-111
152                android:value="com.google.firebase.components.ComponentRegistrar" />
152-->[com.google.firebase:firebase-functions:20.4.0] AndroidManifest.xml:20:17-82
153            <meta-data
153-->[com.google.firebase:firebase-iid:21.1.0] AndroidManifest.xml:32:13-34:85
154                android:name="com.google.firebase.components:com.google.firebase.iid.Registrar"
154-->[com.google.firebase:firebase-iid:21.1.0] AndroidManifest.xml:33:17-96
155                android:value="com.google.firebase.components.ComponentRegistrar" />
155-->[com.google.firebase:firebase-iid:21.1.0] AndroidManifest.xml:34:17-82
156            <meta-data
156-->[com.google.firebase:firebase-messaging:23.3.1] AndroidManifest.xml:57:13-59:85
157                android:name="com.google.firebase.components:com.google.firebase.messaging.FirebaseMessagingKtxRegistrar"
157-->[com.google.firebase:firebase-messaging:23.3.1] AndroidManifest.xml:58:17-122
158                android:value="com.google.firebase.components.ComponentRegistrar" />
158-->[com.google.firebase:firebase-messaging:23.3.1] AndroidManifest.xml:59:17-82
159            <meta-data
159-->[com.google.firebase:firebase-messaging:23.3.1] AndroidManifest.xml:60:13-62:85
160                android:name="com.google.firebase.components:com.google.firebase.messaging.FirebaseMessagingRegistrar"
160-->[com.google.firebase:firebase-messaging:23.3.1] AndroidManifest.xml:61:17-119
161                android:value="com.google.firebase.components.ComponentRegistrar" />
161-->[com.google.firebase:firebase-messaging:23.3.1] AndroidManifest.xml:62:17-82
162            <meta-data
162-->[com.google.firebase:firebase-auth:22.3.0] AndroidManifest.xml:69:13-71:85
163                android:name="com.google.firebase.components:com.google.firebase.auth.FirebaseAuthRegistrar"
163-->[com.google.firebase:firebase-auth:22.3.0] AndroidManifest.xml:70:17-109
164                android:value="com.google.firebase.components.ComponentRegistrar" />
164-->[com.google.firebase:firebase-auth:22.3.0] AndroidManifest.xml:71:17-82
165            <meta-data
165-->[com.google.firebase:firebase-firestore:24.9.1] AndroidManifest.xml:17:13-19:85
166                android:name="com.google.firebase.components:com.google.firebase.firestore.FirebaseFirestoreKtxRegistrar"
166-->[com.google.firebase:firebase-firestore:24.9.1] AndroidManifest.xml:18:17-122
167                android:value="com.google.firebase.components.ComponentRegistrar" />
167-->[com.google.firebase:firebase-firestore:24.9.1] AndroidManifest.xml:19:17-82
168            <meta-data
168-->[com.google.firebase:firebase-firestore:24.9.1] AndroidManifest.xml:20:13-22:85
169                android:name="com.google.firebase.components:com.google.firebase.firestore.FirestoreRegistrar"
169-->[com.google.firebase:firebase-firestore:24.9.1] AndroidManifest.xml:21:17-111
170                android:value="com.google.firebase.components.ComponentRegistrar" />
170-->[com.google.firebase:firebase-firestore:24.9.1] AndroidManifest.xml:22:17-82
171            <meta-data
171-->[com.google.firebase:firebase-storage:20.3.0] AndroidManifest.xml:30:13-32:85
172                android:name="com.google.firebase.components:com.google.firebase.storage.FirebaseStorageKtxRegistrar"
172-->[com.google.firebase:firebase-storage:20.3.0] AndroidManifest.xml:31:17-118
173                android:value="com.google.firebase.components.ComponentRegistrar" />
173-->[com.google.firebase:firebase-storage:20.3.0] AndroidManifest.xml:32:17-82
174            <meta-data
174-->[com.google.firebase:firebase-storage:20.3.0] AndroidManifest.xml:33:13-35:85
175                android:name="com.google.firebase.components:com.google.firebase.storage.StorageRegistrar"
175-->[com.google.firebase:firebase-storage:20.3.0] AndroidManifest.xml:34:17-107
176                android:value="com.google.firebase.components.ComponentRegistrar" />
176-->[com.google.firebase:firebase-storage:20.3.0] AndroidManifest.xml:35:17-82
177            <meta-data
177-->[com.google.firebase:firebase-sessions:1.2.0] AndroidManifest.xml:29:13-31:85
178                android:name="com.google.firebase.components:com.google.firebase.sessions.FirebaseSessionsRegistrar"
178-->[com.google.firebase:firebase-sessions:1.2.0] AndroidManifest.xml:30:17-117
179                android:value="com.google.firebase.components.ComponentRegistrar" />
179-->[com.google.firebase:firebase-sessions:1.2.0] AndroidManifest.xml:31:17-82
180            <meta-data
180-->[com.google.firebase:firebase-config:21.6.0] AndroidManifest.xml:29:13-31:85
181                android:name="com.google.firebase.components:com.google.firebase.remoteconfig.FirebaseRemoteConfigKtxRegistrar"
181-->[com.google.firebase:firebase-config:21.6.0] AndroidManifest.xml:30:17-128
182                android:value="com.google.firebase.components.ComponentRegistrar" />
182-->[com.google.firebase:firebase-config:21.6.0] AndroidManifest.xml:31:17-82
183            <meta-data
183-->[com.google.firebase:firebase-config:21.6.0] AndroidManifest.xml:32:13-34:85
184                android:name="com.google.firebase.components:com.google.firebase.remoteconfig.RemoteConfigRegistrar"
184-->[com.google.firebase:firebase-config:21.6.0] AndroidManifest.xml:33:17-117
185                android:value="com.google.firebase.components.ComponentRegistrar" />
185-->[com.google.firebase:firebase-config:21.6.0] AndroidManifest.xml:34:17-82
186            <meta-data
186-->[com.google.firebase:firebase-installations:17.2.0] AndroidManifest.xml:15:13-17:85
187                android:name="com.google.firebase.components:com.google.firebase.installations.FirebaseInstallationsKtxRegistrar"
187-->[com.google.firebase:firebase-installations:17.2.0] AndroidManifest.xml:16:17-130
188                android:value="com.google.firebase.components.ComponentRegistrar" />
188-->[com.google.firebase:firebase-installations:17.2.0] AndroidManifest.xml:17:17-82
189            <meta-data
189-->[com.google.firebase:firebase-installations:17.2.0] AndroidManifest.xml:18:13-20:85
190                android:name="com.google.firebase.components:com.google.firebase.installations.FirebaseInstallationsRegistrar"
190-->[com.google.firebase:firebase-installations:17.2.0] AndroidManifest.xml:19:17-127
191                android:value="com.google.firebase.components.ComponentRegistrar" />
191-->[com.google.firebase:firebase-installations:17.2.0] AndroidManifest.xml:20:17-82
192            <meta-data
192-->[com.google.firebase:firebase-appcheck:17.1.1] AndroidManifest.xml:25:13-27:85
193                android:name="com.google.firebase.components:com.google.firebase.appcheck.FirebaseAppCheckKtxRegistrar"
193-->[com.google.firebase:firebase-appcheck:17.1.1] AndroidManifest.xml:26:17-120
194                android:value="com.google.firebase.components.ComponentRegistrar" />
194-->[com.google.firebase:firebase-appcheck:17.1.1] AndroidManifest.xml:27:17-82
195            <meta-data
195-->[com.google.firebase:firebase-appcheck:17.1.1] AndroidManifest.xml:28:13-30:85
196                android:name="com.google.firebase.components:com.google.firebase.appcheck.FirebaseAppCheckRegistrar"
196-->[com.google.firebase:firebase-appcheck:17.1.1] AndroidManifest.xml:29:17-117
197                android:value="com.google.firebase.components.ComponentRegistrar" />
197-->[com.google.firebase:firebase-appcheck:17.1.1] AndroidManifest.xml:30:17-82
198            <meta-data
198-->[com.google.firebase:firebase-common-ktx:20.4.2] AndroidManifest.xml:12:13-14:85
199                android:name="com.google.firebase.components:com.google.firebase.ktx.FirebaseCommonLegacyRegistrar"
199-->[com.google.firebase:firebase-common-ktx:20.4.2] AndroidManifest.xml:13:17-116
200                android:value="com.google.firebase.components.ComponentRegistrar" />
200-->[com.google.firebase:firebase-common-ktx:20.4.2] AndroidManifest.xml:14:17-82
201            <meta-data
201-->[com.google.firebase:firebase-common:20.4.2] AndroidManifest.xml:35:13-37:85
202                android:name="com.google.firebase.components:com.google.firebase.FirebaseCommonKtxRegistrar"
202-->[com.google.firebase:firebase-common:20.4.2] AndroidManifest.xml:36:17-109
203                android:value="com.google.firebase.components.ComponentRegistrar" />
203-->[com.google.firebase:firebase-common:20.4.2] AndroidManifest.xml:37:17-82
204            <meta-data
204-->[com.google.firebase:firebase-abt:21.1.1] AndroidManifest.xml:12:13-14:85
205                android:name="com.google.firebase.components:com.google.firebase.abt.component.AbtRegistrar"
205-->[com.google.firebase:firebase-abt:21.1.1] AndroidManifest.xml:13:17-109
206                android:value="com.google.firebase.components.ComponentRegistrar" />
206-->[com.google.firebase:firebase-abt:21.1.1] AndroidManifest.xml:14:17-82
207            <meta-data
207-->[com.google.firebase:firebase-datatransport:18.1.8] AndroidManifest.xml:27:13-29:85
208                android:name="com.google.firebase.components:com.google.firebase.datatransport.TransportRegistrar"
208-->[com.google.firebase:firebase-datatransport:18.1.8] AndroidManifest.xml:28:17-115
209                android:value="com.google.firebase.components.ComponentRegistrar" />
209-->[com.google.firebase:firebase-datatransport:18.1.8] AndroidManifest.xml:29:17-82
210        </service>
211        <service
211-->[:firebase_messaging] AndroidManifest.xml:16:9-19:72
212            android:name="io.flutter.plugins.firebase.messaging.FlutterFirebaseMessagingBackgroundService"
212-->[:firebase_messaging] AndroidManifest.xml:17:13-107
213            android:exported="false"
213-->[:firebase_messaging] AndroidManifest.xml:18:13-37
214            android:permission="android.permission.BIND_JOB_SERVICE" />
214-->[:firebase_messaging] AndroidManifest.xml:19:13-69
215        <service
215-->[:firebase_messaging] AndroidManifest.xml:20:9-26:19
216            android:name="io.flutter.plugins.firebase.messaging.FlutterFirebaseMessagingService"
216-->[:firebase_messaging] AndroidManifest.xml:21:13-97
217            android:exported="false" >
217-->[:firebase_messaging] AndroidManifest.xml:22:13-37
218            <intent-filter>
218-->[:firebase_messaging] AndroidManifest.xml:23:13-25:29
219                <action android:name="com.google.firebase.MESSAGING_EVENT" />
219-->[:firebase_messaging] AndroidManifest.xml:24:17-78
219-->[:firebase_messaging] AndroidManifest.xml:24:25-75
220            </intent-filter>
221        </service>
222
223        <receiver
223-->[:firebase_messaging] AndroidManifest.xml:28:9-35:20
224            android:name="io.flutter.plugins.firebase.messaging.FlutterFirebaseMessagingReceiver"
224-->[:firebase_messaging] AndroidManifest.xml:29:13-98
225            android:exported="true"
225-->[:firebase_messaging] AndroidManifest.xml:30:13-36
226            android:permission="com.google.android.c2dm.permission.SEND" >
226-->[:firebase_messaging] AndroidManifest.xml:31:13-73
227            <intent-filter>
227-->[:firebase_messaging] AndroidManifest.xml:32:13-34:29
228                <action android:name="com.google.android.c2dm.intent.RECEIVE" />
228-->[:firebase_messaging] AndroidManifest.xml:33:17-81
228-->[:firebase_messaging] AndroidManifest.xml:33:25-78
229            </intent-filter>
230        </receiver>
231
232        <provider
232-->[:firebase_messaging] AndroidManifest.xml:43:9-47:38
233            android:name="io.flutter.plugins.firebase.messaging.FlutterFirebaseMessagingInitProvider"
233-->[:firebase_messaging] AndroidManifest.xml:44:13-102
234            android:authorities="com.iq.tahady.flutterfirebasemessaginginitprovider"
234-->[:firebase_messaging] AndroidManifest.xml:45:13-88
235            android:exported="false"
235-->[:firebase_messaging] AndroidManifest.xml:46:13-37
236            android:initOrder="99" />
236-->[:firebase_messaging] AndroidManifest.xml:47:13-35
237        <provider
237-->[:image_picker_android] AndroidManifest.xml:10:9-18:20
238            android:name="io.flutter.plugins.imagepicker.ImagePickerFileProvider"
238-->[:image_picker_android] AndroidManifest.xml:11:13-82
239            android:authorities="com.iq.tahady.flutter.image_provider"
239-->[:image_picker_android] AndroidManifest.xml:12:13-74
240            android:exported="false"
240-->[:image_picker_android] AndroidManifest.xml:13:13-37
241            android:grantUriPermissions="true" >
241-->[:image_picker_android] AndroidManifest.xml:14:13-47
242            <meta-data
242-->[:image_picker_android] AndroidManifest.xml:15:13-17:75
243                android:name="android.support.FILE_PROVIDER_PATHS"
243-->[:image_picker_android] AndroidManifest.xml:16:17-67
244                android:resource="@xml/flutter_image_picker_file_paths" />
244-->[:image_picker_android] AndroidManifest.xml:17:17-72
245        </provider>
246
247        <activity
247-->[:url_launcher_android] AndroidManifest.xml:10:9-13:74
248            android:name="io.flutter.plugins.urllauncher.WebViewActivity"
248-->[:url_launcher_android] AndroidManifest.xml:11:13-74
249            android:exported="false"
249-->[:url_launcher_android] AndroidManifest.xml:12:13-37
250            android:theme="@android:style/Theme.NoTitleBar.Fullscreen" />
250-->[:url_launcher_android] AndroidManifest.xml:13:13-71
251        <activity
251-->[com.stripe:paymentsheet:20.28.3] AndroidManifest.xml:8:9-12:58
252            android:name="com.stripe.android.paymentsheet.PaymentSheetActivity"
252-->[com.stripe:paymentsheet:20.28.3] AndroidManifest.xml:9:13-80
253            android:exported="false"
253-->[com.stripe:paymentsheet:20.28.3] AndroidManifest.xml:10:13-37
254            android:theme="@style/StripePaymentSheetDefaultTheme"
254-->[com.stripe:paymentsheet:20.28.3] AndroidManifest.xml:11:13-66
255            android:windowSoftInputMode="adjustResize" />
255-->[com.stripe:paymentsheet:20.28.3] AndroidManifest.xml:12:13-55
256        <activity
256-->[com.stripe:paymentsheet:20.28.3] AndroidManifest.xml:13:9-17:58
257            android:name="com.stripe.android.paymentsheet.PaymentOptionsActivity"
257-->[com.stripe:paymentsheet:20.28.3] AndroidManifest.xml:14:13-82
258            android:exported="false"
258-->[com.stripe:paymentsheet:20.28.3] AndroidManifest.xml:15:13-37
259            android:theme="@style/StripePaymentSheetDefaultTheme"
259-->[com.stripe:paymentsheet:20.28.3] AndroidManifest.xml:16:13-66
260            android:windowSoftInputMode="adjustResize" />
260-->[com.stripe:paymentsheet:20.28.3] AndroidManifest.xml:17:13-55
261        <activity
261-->[com.stripe:paymentsheet:20.28.3] AndroidManifest.xml:18:9-22:58
262            android:name="com.stripe.android.customersheet.CustomerSheetActivity"
262-->[com.stripe:paymentsheet:20.28.3] AndroidManifest.xml:19:13-82
263            android:exported="false"
263-->[com.stripe:paymentsheet:20.28.3] AndroidManifest.xml:20:13-37
264            android:theme="@style/StripePaymentSheetDefaultTheme"
264-->[com.stripe:paymentsheet:20.28.3] AndroidManifest.xml:21:13-66
265            android:windowSoftInputMode="adjustResize" />